testcode_2021_3_19.obj : error LNK2005: _main 已经在 testcode_2021_3_19(1).obj 中定义
D:\Art\C\easyC\Debug\easyC.exe : fatal error LNK1169: 找到一个或多个多重定义的符号
